
(google-chrome:274627): Gtk-WARNING **: 21:42:26.453: Theme parsing error: gtk.css:3213:16: Unit is missing.
[274627:274654:0305/214226.492491:ERROR:object_proxy.cc(576)] Failed to call method: org.freedesktop.DBus.Properties.Get: object_path= /org/freedesktop/portal/desktop: org.freedesktop.DBus.Error.InvalidArgs: No such interface “org.freedesktop.portal.FileChooser”
[274627:274654:0305/214226.492513:ERROR:select_file_dialog_linux_portal.cc(286)] Failed to read portal version property
INFO: Created TensorFlow Lite XNNPACK delegate for CPU.
[274668:274688:0305/214233.738967:ERROR:ssl_client_socket_impl.cc(970)] handshake failed; returned -1, SSL error code 1, net_error -101
[274668:274688:0305/214238.739717:ERROR:ssl_client_socket_impl.cc(970)] handshake failed; returned -1, SSL error code 1, net_error -101
[274668:274688:0305/214243.742484:ERROR:ssl_client_socket_impl.cc(970)] handshake failed; returned -1, SSL error code 1, net_error -101

(google-chrome:275904): Gtk-WARNING **: 21:44:35.045: Theme parsing error: gtk.css:3213:16: Unit is missing.
[275904:275930:0305/214435.084501:ERROR:object_proxy.cc(576)] Failed to call method: org.freedesktop.DBus.Properties.Get: object_path= /org/freedesktop/portal/desktop: org.freedesktop.DBus.Error.InvalidArgs: No such interface “org.freedesktop.portal.FileChooser”
[275904:275930:0305/214435.084522:ERROR:select_file_dialog_linux_portal.cc(286)] Failed to read portal version property
INFO: Created TensorFlow Lite XNNPACK delegate for CPU.

(google-chrome:279386): Gtk-WARNING **: 21:51:22.603: Theme parsing error: gtk.css:3213:16: Unit is missing.
[279386:279414:0305/215122.642694:ERROR:object_proxy.cc(576)] Failed to call method: org.freedesktop.DBus.Properties.Get: object_path= /org/freedesktop/portal/desktop: org.freedesktop.DBus.Error.InvalidArgs: No such interface “org.freedesktop.portal.FileChooser”
[279386:279414:0305/215122.642720:ERROR:select_file_dialog_linux_portal.cc(286)] Failed to read portal version property
INFO: Created TensorFlow Lite XNNPACK delegate for CPU.
[279428:279448:0305/215129.951417:ERROR:ssl_client_socket_impl.cc(970)] handshake failed; returned -1, SSL error code 1, net_error -101

(google-chrome:280218): Gtk-WARNING **: 21:52:27.597: Theme parsing error: gtk.css:3213:16: Unit is missing.
[280218:280245:0305/215227.636592:ERROR:object_proxy.cc(576)] Failed to call method: org.freedesktop.DBus.Properties.Get: object_path= /org/freedesktop/portal/desktop: org.freedesktop.DBus.Error.InvalidArgs: No such interface “org.freedesktop.portal.FileChooser”
[280218:280245:0305/215227.636614:ERROR:select_file_dialog_linux_portal.cc(286)] Failed to read portal version property
INFO: Created TensorFlow Lite XNNPACK delegate for CPU.
[280259:280281:0305/215234.843950:ERROR:ssl_client_socket_impl.cc(970)] handshake failed; returned -1, SSL error code 1, net_error -101

(google-chrome:294524): Gtk-WARNING **: 22:22:20.024: Theme parsing error: gtk.css:3213:16: Unit is missing.
[294524:294550:0305/222220.062967:ERROR:object_proxy.cc(576)] Failed to call method: org.freedesktop.DBus.Properties.Get: object_path= /org/freedesktop/portal/desktop: org.freedesktop.DBus.Error.InvalidArgs: No such interface “org.freedesktop.portal.FileChooser”
[294524:294550:0305/222220.062987:ERROR:select_file_dialog_linux_portal.cc(286)] Failed to read portal version property

(google-chrome:295093): Gtk-WARNING **: 22:22:58.221: Theme parsing error: gtk.css:3213:16: Unit is missing.
[295093:295119:0305/222258.260655:ERROR:object_proxy.cc(576)] Failed to call method: org.freedesktop.DBus.Properties.Get: object_path= /org/freedesktop/portal/desktop: org.freedesktop.DBus.Error.InvalidArgs: No such interface “org.freedesktop.portal.FileChooser”
[295093:295119:0305/222258.260673:ERROR:select_file_dialog_linux_portal.cc(286)] Failed to read portal version property
[295143:295184:0305/222258.800089:ERROR:ssl_client_socket_impl.cc(970)] handshake failed; returned -1, SSL error code 1, net_error -100
INFO: Created TensorFlow Lite XNNPACK delegate for CPU.
[295143:295184:0305/222300.573656:ERROR:ssl_client_socket_impl.cc(970)] handshake failed; returned -1, SSL error code 1, net_error -100

(google-chrome:296126): Gtk-WARNING **: 22:24:25.609: Theme parsing error: gtk.css:3213:16: Unit is missing.
[296126:296151:0305/222425.647689:ERROR:object_proxy.cc(576)] Failed to call method: org.freedesktop.DBus.Properties.Get: object_path= /org/freedesktop/portal/desktop: org.freedesktop.DBus.Error.InvalidArgs: No such interface “org.freedesktop.portal.FileChooser”
[296126:296151:0305/222425.647707:ERROR:select_file_dialog_linux_portal.cc(286)] Failed to read portal version property

(google-chrome:306743): Gtk-WARNING **: 22:46:01.599: Theme parsing error: gtk.css:3213:16: Unit is missing.
[306743:306769:0305/224601.637735:ERROR:object_proxy.cc(576)] Failed to call method: org.freedesktop.DBus.Properties.Get: object_path= /org/freedesktop/portal/desktop: org.freedesktop.DBus.Error.InvalidArgs: No such interface “org.freedesktop.portal.FileChooser”
[306743:306769:0305/224601.637755:ERROR:select_file_dialog_linux_portal.cc(286)] Failed to read portal version property
INFO: Created TensorFlow Lite XNNPACK delegate for CPU.
[306784:306804:0305/224608.848389:ERROR:ssl_client_socket_impl.cc(970)] handshake failed; returned -1, SSL error code 1, net_error -101
[306784:306804:0305/224613.849861:ERROR:ssl_client_socket_impl.cc(970)] handshake failed; returned -1, SSL error code 1, net_error -101
[306784:306804:0305/224618.851469:ERROR:ssl_client_socket_impl.cc(970)] handshake failed; returned -1, SSL error code 1, net_error -101
[306784:306804:0305/224623.852672:ERROR:ssl_client_socket_impl.cc(970)] handshake failed; returned -1, SSL error code 1, net_error -101
[306784:306804:0305/224628.854391:ERROR:ssl_client_socket_impl.cc(970)] handshake failed; returned -1, SSL error code 1, net_error -101
[306784:306804:0305/224633.855781:ERROR:ssl_client_socket_impl.cc(970)] handshake failed; returned -1, SSL error code 1, net_error -101
[306784:306804:0305/224639.326550:ERROR:ssl_client_socket_impl.cc(970)] handshake failed; returned -1, SSL error code 1, net_error -101

(google-chrome:308123): Gtk-WARNING **: 22:48:19.787: Theme parsing error: gtk.css:3213:16: Unit is missing.
[308123:308149:0305/224819.826352:ERROR:object_proxy.cc(576)] Failed to call method: org.freedesktop.DBus.Properties.Get: object_path= /org/freedesktop/portal/desktop: org.freedesktop.DBus.Error.InvalidArgs: No such interface “org.freedesktop.portal.FileChooser”
[308123:308149:0305/224819.826377:ERROR:select_file_dialog_linux_portal.cc(286)] Failed to read portal version property
INFO: Created TensorFlow Lite XNNPACK delegate for CPU.
[308164:308185:0305/224827.035065:ERROR:ssl_client_socket_impl.cc(970)] handshake failed; returned -1, SSL error code 1, net_error -101
[308164:308185:0305/224832.035797:ERROR:ssl_client_socket_impl.cc(970)] handshake failed; returned -1, SSL error code 1, net_error -101
[308164:308185:0305/224833.563277:ERROR:ssl_client_socket_impl.cc(970)] handshake failed; returned -1, SSL error code 1, net_error -100
[308164:308185:0305/224833.662089:ERROR:ssl_client_socket_impl.cc(970)] handshake failed; returned -1, SSL error code 1, net_error -101
[308123:308146:0305/224833.662592:ERROR:get_updates_processor.cc(263)] PostClientToServerMessage() failed during GetUpdates with error Network error (ERR_CONNECTION_RESET)
[308164:308185:0305/224834.118386:ERROR:ssl_client_socket_impl.cc(970)] handshake failed; returned -1, SSL error code 1, net_error -100

(google-chrome:315916): Gtk-WARNING **: 23:02:08.998: Theme parsing error: gtk.css:3213:16: Unit is missing.
[315916:315949:0305/230209.036880:ERROR:object_proxy.cc(576)] Failed to call method: org.freedesktop.DBus.Properties.Get: object_path= /org/freedesktop/portal/desktop: org.freedesktop.DBus.Error.InvalidArgs: No such interface “org.freedesktop.portal.FileChooser”
[315916:315949:0305/230209.036902:ERROR:select_file_dialog_linux_portal.cc(286)] Failed to read portal version property
INFO: Created TensorFlow Lite XNNPACK delegate for CPU.
